[0m22:01:51.517569 [debug] [MainThread]: Sending event: {'category': 'dbt', 'action': 'invocation', 'label': 'start', 'context': [<snowplow_tracker.self_describing_json.SelfDescribingJson object at 0x7f74c16d7bf0>, <snowplow_tracker.self_describing_json.SelfDescribingJson object at 0x7f74c2c216d0>, <snowplow_tracker.self_describing_json.SelfDescribingJson object at 0x7f74c1cc71a0>]}


============================== 22:01:51.520616 | 32f82eab-2fa7-42f4-9193-10211b12cfc3 ==============================
[0m22:01:51.520616 [info ] [MainThread]: Running with dbt=1.9.2
[0m22:01:51.521024 [debug] [MainThread]: running dbt with arguments {'printer_width': '80', 'indirect_selection': 'eager', 'write_json': 'True', 'log_cache_events': 'False', 'partial_parse': 'True', 'cache_selected_only': 'False', 'warn_error': 'None', 'debug': 'False', 'fail_fast': 'False', 'log_path': 'logs', 'version_check': 'True', 'profiles_dir': '/home/kohada/.dbt', 'use_colors': 'True', 'use_experimental_parser': 'False', 'empty': 'None', 'quiet': 'False', 'no_print': 'None', 'warn_error_options': 'WarnErrorOptions(include=[], exclude=[])', 'static_parser': 'True', 'log_format': 'default', 'introspect': 'True', 'target_path': 'None', 'invocation_command': 'dbt debug', 'send_anonymous_usage_stats': 'True'}
[0m22:01:51.532190 [info ] [MainThread]: dbt version: 1.9.2
[0m22:01:51.532544 [info ] [MainThread]: python version: 3.12.2
[0m22:01:51.532829 [info ] [MainThread]: python path: /home/kohada/.virtualenvs/de-zoom-2025--_im2yM0-py3.12/bin/python
[0m22:01:51.533098 [info ] [MainThread]: os info: Linux-6.6.36.3-microsoft-standard-WSL2-x86_64-with-glibc2.35
[0m22:01:52.356194 [info ] [MainThread]: Using profiles dir at /home/kohada/.dbt
[0m22:01:52.356626 [info ] [MainThread]: Using profiles.yml file at /home/kohada/.dbt/profiles.yml
[0m22:01:52.356902 [info ] [MainThread]: Using dbt_project.yml file at /home/kohada/de-zoom-2025/dbt_project.yml
[0m22:01:52.357167 [info ] [MainThread]: adapter type: bigquery
[0m22:01:52.357422 [info ] [MainThread]: adapter version: 1.9.1
[0m22:01:52.357690 [info ] [MainThread]: Configuration:
[0m22:01:52.357974 [info ] [MainThread]:   profiles.yml file [[32mOK found and valid[0m]
[0m22:01:52.358235 [info ] [MainThread]:   dbt_project.yml file [[31mERROR not found[0m]
[0m22:01:52.358488 [info ] [MainThread]: Required dependencies:
[0m22:01:52.358759 [debug] [MainThread]: Executing "git --help"
[0m22:01:52.360673 [debug] [MainThread]: STDOUT: "b"usage: git [--version] [--help] [-C <path>] [-c <name>=<value>]\n           [--exec-path[=<path>]] [--html-path] [--man-path] [--info-path]\n           [-p | --paginate | -P | --no-pager] [--no-replace-objects] [--bare]\n           [--git-dir=<path>] [--work-tree=<path>] [--namespace=<name>]\n           [--super-prefix=<path>] [--config-env=<name>=<envvar>]\n           <command> [<args>]\n\nThese are common Git commands used in various situations:\n\nstart a working area (see also: git help tutorial)\n   clone     Clone a repository into a new directory\n   init      Create an empty Git repository or reinitialize an existing one\n\nwork on the current change (see also: git help everyday)\n   add       Add file contents to the index\n   mv        Move or rename a file, a directory, or a symlink\n   restore   Restore working tree files\n   rm        Remove files from the working tree and from the index\n\nexamine the history and state (see also: git help revisions)\n   bisect    Use binary search to find the commit that introduced a bug\n   diff      Show changes between commits, commit and working tree, etc\n   grep      Print lines matching a pattern\n   log       Show commit logs\n   show      Show various types of objects\n   status    Show the working tree status\n\ngrow, mark and tweak your common history\n   branch    List, create, or delete branches\n   commit    Record changes to the repository\n   merge     Join two or more development histories together\n   rebase    Reapply commits on top of another base tip\n   reset     Reset current HEAD to the specified state\n   switch    Switch branches\n   tag       Create, list, delete or verify a tag object signed with GPG\n\ncollaborate (see also: git help workflows)\n   fetch     Download objects and refs from another repository\n   pull      Fetch from and integrate with another repository or a local branch\n   push      Update remote refs along with associated objects\n\n'git help -a' and 'git help -g' list available subcommands and some\nconcept guides. See 'git help <command>' or 'git help <concept>'\nto read about a specific subcommand or concept.\nSee 'git help git' for an overview of the system.\n""
[0m22:01:52.360941 [debug] [MainThread]: STDERR: "b''"
[0m22:01:52.361159 [info ] [MainThread]:  - git [[32mOK found[0m]

[0m22:01:52.361424 [info ] [MainThread]: Connection:
[0m22:01:52.361702 [info ] [MainThread]:   method: service-account
[0m22:01:52.361967 [info ] [MainThread]:   database: de-zoom-376014
[0m22:01:52.362229 [info ] [MainThread]:   execution_project: de-zoom-376014
[0m22:01:52.362671 [info ] [MainThread]:   schema: zoomcamp_nytaxi
[0m22:01:52.363007 [info ] [MainThread]:   location: US
[0m22:01:52.363336 [info ] [MainThread]:   priority: interactive
[0m22:01:52.363649 [info ] [MainThread]:   maximum_bytes_billed: None
[0m22:01:52.363965 [info ] [MainThread]:   impersonate_service_account: None
[0m22:01:52.364291 [info ] [MainThread]:   job_retry_deadline_seconds: None
[0m22:01:52.364594 [info ] [MainThread]:   job_retries: 1
[0m22:01:52.364854 [info ] [MainThread]:   job_creation_timeout_seconds: None
[0m22:01:52.365116 [info ] [MainThread]:   job_execution_timeout_seconds: 300
[0m22:01:52.365375 [info ] [MainThread]:   timeout_seconds: 300
[0m22:01:52.365656 [info ] [MainThread]:   client_id: None
[0m22:01:52.365930 [info ] [MainThread]:   token_uri: None
[0m22:01:52.366210 [info ] [MainThread]:   dataproc_region: None
[0m22:01:52.366484 [info ] [MainThread]:   dataproc_cluster_name: None
[0m22:01:52.366791 [info ] [MainThread]:   gcs_bucket: None
[0m22:01:52.367093 [info ] [MainThread]:   dataproc_batch: None
[0m22:01:52.367560 [info ] [MainThread]: Registered adapter: bigquery=1.9.1
[0m22:01:52.452673 [debug] [MainThread]: Acquiring new bigquery connection 'debug'
[0m22:01:52.453014 [debug] [MainThread]: On debug: select 1 as id
[0m22:01:52.453323 [debug] [MainThread]: Opening a new connection, currently in state init
[0m22:01:52.453633 [debug] [MainThread]: BigQuery adapter: Got an error when attempting to create a bigquery " "client: '[Errno 2] No such file or directory: '~/de-zoom-2025/secrets/gcp-key.json''
[0m22:01:52.453917 [debug] [MainThread]: BigQuery adapter: Unhandled error while running:
select 1 as id
[0m22:01:52.454161 [debug] [MainThread]: BigQuery adapter: Database Error
  [Errno 2] No such file or directory: '~/de-zoom-2025/secrets/gcp-key.json'
[0m22:01:52.454404 [info ] [MainThread]:   Connection test: [[31mERROR[0m]

[0m22:01:52.454740 [info ] [MainThread]: [31m2 checks failed:[0m
[0m22:01:52.455009 [info ] [MainThread]: Project loading failed for the following reason:
 project path </home/kohada/de-zoom-2025/dbt_project.yml> not found

[0m22:01:52.455296 [info ] [MainThread]: dbt was unable to connect to the specified database.
The database returned the following error:

  >'NoneType' object has no attribute 'close'

Check your database credentials and try again. For more information, visit:
https://docs.getdbt.com/docs/configure-your-profile


[0m22:01:52.456562 [debug] [MainThread]: Resource report: {"command_name": "debug", "command_success": false, "command_wall_clock_time": 0.99929494, "process_in_blocks": "242544", "process_kernel_time": 0.374215, "process_mem_max_rss": "207328", "process_out_blocks": "16", "process_user_time": 1.592815}
[0m22:01:52.456898 [debug] [MainThread]: Command `dbt debug` failed at 22:01:52.456817 after 1.00 seconds
[0m22:01:52.457180 [debug] [MainThread]: Sending event: {'category': 'dbt', 'action': 'invocation', 'label': 'end', 'context': [<snowplow_tracker.self_describing_json.SelfDescribingJson object at 0x7f74c1c67d40>, <snowplow_tracker.self_describing_json.SelfDescribingJson object at 0x7f74a7bfdbe0>, <snowplow_tracker.self_describing_json.SelfDescribingJson object at 0x7f74c11366c0>]}
[0m22:01:52.457503 [debug] [MainThread]: Flushing usage events
[0m22:01:53.534700 [debug] [MainThread]: An error was encountered while trying to flush usage events
